2024-10-21 13:38:50,364 - INFO - select pg_catalog.version()
2024-10-21 13:38:50,365 - INFO - [raw sql] {}
2024-10-21 13:38:50,366 - INFO - select current_schema()
2024-10-21 13:38:50,366 - INFO - [raw sql] {}
2024-10-21 13:38:50,366 - INFO - show standard_conforming_strings
2024-10-21 13:38:50,366 - INFO - [raw sql] {}
2024-10-21 13:48:05,617 - DEBUG - CoInitializeEx(None, 2)
2024-10-21 13:48:05,649 - INFO - Imported existing <module 'comtypes.gen' from 'C:\\Users\\lenovo\\PycharmProjects\\railway_tickets_booking\\.venv\\Lib\\site-packages\\comtypes\\gen\\__init__.py'>
2024-10-21 13:48:05,649 - INFO - Using writeable comtypes cache directory: 'C:\Users\lenovo\PycharmProjects\railway_tickets_booking\.venv\Lib\site-packages\comtypes\gen'
2024-10-21 13:48:05,714 - DEBUG - SAPI.SPVoice -> {96749377-3391-11D2-9EE3-00C04F797396}
2024-10-21 13:48:05,714 - DEBUG - CoCreateInstance({96749377-3391-11D2-9EE3-00C04F797396}, clsctx=None, interface=None)
2024-10-21 13:48:05,731 - DEBUG - GetBestInterface(<POINTER(IUnknown) ptr=0x218a3b067d0 at 218aa015f50>)
2024-10-21 13:48:05,731 - DEBUG - Does implement IProvideClassInfo
2024-10-21 13:48:05,733 - DEBUG - Default interface is {269316D8-57BD-11D2-9EEE-00C04F797396}
2024-10-21 13:48:05,733 - DEBUG - Release <POINTER(IUnknown) ptr=0x218a3b06810 at 218aa0163d0>
2024-10-21 13:48:05,733 - DEBUG - GetModule(TLIBATTR(GUID={C866CA3A-32F7-11D2-9602-00C04F8EE628}, Version=5.4, LCID=0, FLags=0x8))
2024-10-21 13:48:05,733 - DEBUG - Implements default interface from typeinfo <class 'comtypes.gen._C866CA3A_32F7_11D2_9602_00C04F8EE628_0_5_4.ISpeechVoice'>
2024-10-21 13:48:05,733 - DEBUG - Final result is <POINTER(ISpeechVoice) ptr=0x218a3b06810 at 218aa016350>
2024-10-21 13:48:05,733 - DEBUG - Release <POINTER(IProvideClassInfo) ptr=0x218a3b06830 at 218aa015fd0>
2024-10-21 13:48:05,733 - DEBUG - Release <POINTER(ITypeInfo) ptr=0x218a9b1fea8 at 218aa016050>
2024-10-21 13:48:05,733 - DEBUG - Release <POINTER(ITypeInfo) ptr=0x218a9b1ff00 at 218aa0161d0>
2024-10-21 13:48:05,734 - DEBUG - Release <POINTER(ITypeLib) ptr=0x218a7e86330 at 218aa0163d0>
2024-10-21 13:48:05,734 - DEBUG - Release <POINTER(IUnknown) ptr=0x218a3b067d0 at 218aa015f50>
2024-10-21 13:48:05,734 - DEBUG - <POINTER(ISpeechVoice) ptr=0x218a3b06810 at 218aa016350> using sinkinterface from clsid <class 'comtypes.gen._C866CA3A_32F7_11D2_9602_00C04F8EE628_0_5_4._ISpeechVoiceEvents'>
2024-10-21 13:48:05,734 - DEBUG - Release <POINTER(IProvideClassInfo2) ptr=0x218a3b06830 at 218aa015f50>
2024-10-21 13:48:05,735 - DEBUG - <comtypes.client._events.CreateEventReceiver.<locals>.Sink object at 0x00000218AA036E50>: _ISpeechVoiceEvents.VoiceChange not implemented
2024-10-21 13:48:05,735 - DEBUG - <comtypes.client._events.CreateEventReceiver.<locals>.Sink object at 0x00000218AA036E50>: _ISpeechVoiceEvents.Bookmark not implemented
2024-10-21 13:48:05,735 - DEBUG - <comtypes.client._events.CreateEventReceiver.<locals>.Sink object at 0x00000218AA036E50>: _ISpeechVoiceEvents.Sentence not implemented
2024-10-21 13:48:05,735 - DEBUG - <comtypes.client._events.CreateEventReceiver.<locals>.Sink object at 0x00000218AA036E50>: _ISpeechVoiceEvents.Phoneme not implemented
2024-10-21 13:48:05,735 - DEBUG - <comtypes.client._events.CreateEventReceiver.<locals>.Sink object at 0x00000218AA036E50>: _ISpeechVoiceEvents.Viseme not implemented
2024-10-21 13:48:05,735 - DEBUG - <comtypes.client._events.CreateEventReceiver.<locals>.Sink object at 0x00000218AA036E50>: _ISpeechVoiceEvents.AudioLevel not implemented
2024-10-21 13:48:05,735 - DEBUG - <comtypes.client._events.CreateEventReceiver.<locals>.Sink object at 0x00000218AA036E50>: _ISpeechVoiceEvents.EnginePrivate not implemented
2024-10-21 13:48:05,735 - DEBUG - Start advise <class 'comtypes.gen._C866CA3A_32F7_11D2_9602_00C04F8EE628_0_5_4._ISpeechVoiceEvents'>
2024-10-21 13:48:05,735 - DEBUG - <comtypes.client._events.CreateEventReceiver.<locals>.Sink object at 0x00000218AA036E50>.QueryInterface({A372ACD1-3BEF-4BBD-8FFB-CB3E2B416AF8}) -> S_OK
2024-10-21 13:48:05,735 - DEBUG - 1 active COM objects: Added   <comtypes.client._events.CreateEventReceiver.<locals>.Sink object at 0x00000218AA036E50>
2024-10-21 13:48:05,735 - DEBUG - <comtypes.client._events.CreateEventReceiver.<locals>.Sink object at 0x00000218AA036E50>.AddRef() -> 1
2024-10-21 13:48:05,740 - DEBUG - Release <POINTER(IConnectionPointContainer) ptr=0x218a3b06838 at 218aa0177d0>
2024-10-21 13:48:05,853 - DEBUG - wrap_outparam(<POINTER(ISpeechObjectToken) ptr=0x218a3b07580 at 218aa0177d0>)
2024-10-21 13:48:05,853 - DEBUG - Release <POINTER(ISpeechObjectToken) ptr=0x218a3b07580 at 218aa0177d0>
2024-10-21 13:48:05,854 - DEBUG - wrap_outparam(<POINTER(ISpeechObjectTokens) ptr=0x218a3beee50 at 218aa0177d0>)
2024-10-21 13:48:05,854 - DEBUG - Release <POINTER(IUnknown) ptr=0x218aaed4fa0 at 218aa0179d0>
2024-10-21 13:48:05,854 - DEBUG - wrap_outparam(<POINTER(IDispatch) ptr=0x218a3b3fee0 at 218aa017a50>)
2024-10-21 13:48:05,854 - DEBUG - GetBestInterface(<POINTER(IDispatch) ptr=0x218a3b3fee0 at 218aa017a50>)
2024-10-21 13:48:05,855 - DEBUG - Does NOT implement IProvideClassInfo, trying IProvideClassInfo2
2024-10-21 13:48:05,855 - DEBUG - Does NOT implement IProvideClassInfo/IProvideClassInfo2
2024-10-21 13:48:05,856 - DEBUG - Release <POINTER(IUnknown) ptr=0x218a9b1ffb0 at 218aa017c50>
2024-10-21 13:48:05,856 - DEBUG - Default interface is {C74A3ADC-B727-4500-A84A-B526721C8B8C}
2024-10-21 13:48:05,856 - DEBUG - Release <POINTER(IUnknown) ptr=0x218a3b3fee0 at 218aa017d50>
2024-10-21 13:48:05,856 - DEBUG - GetModule(TLIBATTR(GUID={C866CA3A-32F7-11D2-9602-00C04F8EE628}, Version=5.4, LCID=0, FLags=0x8))
2024-10-21 13:48:05,856 - DEBUG - Implements default interface from typeinfo <class 'comtypes.gen._C866CA3A_32F7_11D2_9602_00C04F8EE628_0_5_4.ISpeechObjectToken'>
2024-10-21 13:48:05,856 - DEBUG - Final result is <POINTER(ISpeechObjectToken) ptr=0x218a3b3fee0 at 218aa017c50>
2024-10-21 13:48:05,857 - DEBUG - Release <POINTER(IDispatch) ptr=0x218a3b3fee0 at 218aa017bd0>
2024-10-21 13:48:05,857 - DEBUG - Release <POINTER(ITypeInfo) ptr=0x218a9b1ffb0 at 218aa017cd0>
2024-10-21 13:48:05,857 - DEBUG - Release <POINTER(ITypeLib) ptr=0x218a7e86330 at 218aa017d50>
2024-10-21 13:48:05,857 - DEBUG - Release <POINTER(IDispatch) ptr=0x218a3b3fee0 at 218aa017a50>
2024-10-21 13:48:05,857 - DEBUG - Release <POINTER(IEnumVARIANT) ptr=0x218aaed4fa0 at 218aa0178d0>
2024-10-21 13:48:05,857 - DEBUG - Release <POINTER(ISpeechObjectTokens) ptr=0x218a3beee50 at 218aa0177d0>
2024-10-21 13:48:05,857 - DEBUG - Release <POINTER(ISpeechObjectToken) ptr=0x218a3b3fee0 at 218aa017c50>
2024-10-21 13:48:05,857 - DEBUG - Calling CoUninitialize()
2024-10-21 13:48:05,857 - DEBUG - CoUninitialize() done.
2024-10-21 13:48:05,920 - DEBUG - <comtypes.client._events.CreateEventReceiver.<locals>.Sink object at 0x00000218AA036E50>.Release() -> 0
2024-10-21 13:48:05,921 - DEBUG - 0 active COM objects: Removed <comtypes.client._events.CreateEventReceiver.<locals>.Sink object at 0x00000218AA036E50>
2024-10-21 13:48:05,921 - DEBUG - Remaining: []
